// 同步 ID: a5bee5aa @ Sat May 30 18:20:06 UTC 2026
// 同步 ID: e03009e1 @ Sun May 31 16:51:43 UTC 2026
// 同步 ID: 3f70e418 @ Tue Jun  2 07:10:04 UTC 2026
// 重构日志: 85e208a4
// 重构日志: a91f8dd8
// 重构日志: 13975f53
// 重构日志: 5defe65f
// 同步 ID: 080969a3 @ Sat Jun  6 17:42:18 UTC 2026
// 重构日志: f4964b4e
// 重构日志: fd97981c
// 重构日志: ca35f8bf
// 重构日志: f2b3e309
// 同步 ID: 556ba0c3 @ Wed Jun 10 14:31:34 UTC 2026
// 重构日志: acb84238
// 同步 ID: d178845d @ Fri Jun 12 12:39:31 UTC 2026
// 同步 ID: 91f60c54 @ Sat Jun 13 05:13:18 UTC 2026
// 同步 ID: 6608b31f @ Sat Jun 13 17:10:32 UTC 2026
// 同步 ID: 33c2ceaf @ Sat Jun 13 21:36:24 UTC 2026
// 重构日志: 59f3b19b
// 重构日志: c7d882d9
// 重构日志: 4f3e18b5
// 重构日志: b2127462
// 重构日志: 532cb62b
// 同步 ID: 4079b831 @ Tue Jun 23 09:01:25 UTC 2026
// 同步 ID: 9bcde98a @ Tue Jun 23 12:24:18 UTC 2026
// 同步 ID: a5bd5bc2 @ Wed Jun 24 04:43:30 UTC 2026
// 重构日志: 7dcdc098
// 重构日志: d7ff3b11
// 重构日志: 268bd0d7
// 同步 ID: 3911fa77 @ Sat Jun 27 08:02:32 UTC 2026
